[2025-02-16T15:05:57.957Z] Запущена команда: ffmpeg -i video_2025-02-16_16-54-26.mp4 -y -vcodec libx264 -filter:v hqdn3d,scale=w=1920:h=1080 -crf 18 -preset slow video_2025-02-16_16-54-26_remastered.mp4
[2025-02-16T15:05:58.115Z] Обработка: 0%
[2025-02-16T15:05:58.589Z] Обработка: 0%
[2025-02-16T15:05:59.171Z] Обработка: 0%
[2025-02-16T15:05:59.837Z] Обработка: 0%
[2025-02-16T15:06:00.339Z] Обработка: 0%
[2025-02-16T15:06:01.029Z] Обработка: 0%
[2025-02-16T15:06:01.608Z] Обработка: 0%
[2025-02-16T15:06:02.436Z] Обработка: 0%
[2025-02-16T15:06:02.654Z] Обработка: 0%
[2025-02-16T15:06:03.159Z] Обработка: 0%
[2025-02-16T15:06:03.731Z] Обработка: 0%
[2025-02-16T15:06:04.561Z] Обработка: 0%
[2025-02-16T15:06:05.168Z] Обработка: 0%
[2025-02-16T15:06:05.671Z] Обработка: 0%
[2025-02-16T15:06:06.235Z] Обработка: 0%
[2025-02-16T15:06:06.918Z] Обработка: 0%
[2025-02-16T15:06:07.786Z] Обработка: 0%
[2025-02-16T15:06:12.689Z] Обработка: 0%
[2025-02-16T15:06:12.783Z] Видео улучшено и сохранено в video_2025-02-16_16-54-26_remastered.mp4
[2025-02-16T15:16:33.668Z] Запущена команда: ffmpeg -i video_2025-02-16_16-54-26.mp4 -y -vcodec libx264 -filter:v hqdn3d,scale=w=1920:h=1080 -crf 18 -preset slow video_2025-02-16_16-54-26_remastered_2.mp4
[2025-02-16T15:16:33.828Z] Обработка: 0%
[2025-02-16T15:16:34.293Z] Обработка: 0%
[2025-02-16T15:16:34.987Z] Обработка: 0%
[2025-02-16T15:16:35.657Z] Обработка: 0%
[2025-02-16T15:16:36.375Z] Обработка: 0%
[2025-02-16T15:16:37.030Z] Обработка: 0%
[2025-02-16T15:16:37.736Z] Обработка: 0%
[2025-02-16T15:16:38.522Z] Обработка: 0%
[2025-02-16T15:16:39.244Z] Обработка: 0%
[2025-02-16T15:16:39.929Z] Обработка: 0%
[2025-02-16T15:16:40.809Z] Обработка: 0%
[2025-02-16T15:16:41.406Z] Обработка: 0%
[2025-02-16T15:16:41.949Z] Обработка: 0%
[2025-02-16T15:16:42.460Z] Обработка: 0%
[2025-02-16T15:16:42.994Z] Обработка: 0%
[2025-02-16T15:16:43.551Z] Обработка: 0%
[2025-02-16T15:16:44.099Z] Обработка: 0%
[2025-02-16T15:16:48.860Z] Обработка: 0%
[2025-02-16T15:16:48.966Z] Видео улучшено и сохранено в video_2025-02-16_16-54-26_remastered_2.mp4
[2025-02-16T15:23:06.231Z] Запущена команда: ffmpeg -i video_2025-02-16_16-54-26.mp4 -y -vcodec libx264 -filter:v scale=3840x2160:force_original_aspect_ratio=decrease,hqdn3d,hqdn3d -crf 18 -preset slow video_2025-02-16_16-54-26_remastered_2.mp4
[2025-02-16T15:23:06.418Z] Обработка: 0%
[2025-02-16T15:23:06.900Z] Обработка: 0%
[2025-02-16T15:23:07.382Z] Обработка: 0%
[2025-02-16T15:23:07.899Z] Обработка: 0%
[2025-02-16T15:23:09.196Z] Обработка: 0%
[2025-02-16T15:23:09.642Z] Обработка: 0%
[2025-02-16T15:23:10.320Z] Обработка: 0%
[2025-02-16T15:23:11.214Z] Обработка: 0%
[2025-02-16T15:23:11.951Z] Обработка: 0%
[2025-02-16T15:23:12.494Z] Обработка: 0%
[2025-02-16T15:23:13.309Z] Обработка: 0%
[2025-02-16T15:23:13.876Z] Обработка: 0%
[2025-02-16T15:23:14.406Z] Обработка: 0%
[2025-02-16T15:23:15.290Z] Обработка: 0%
[2025-02-16T15:23:15.821Z] Обработка: 0%
[2025-02-16T15:23:16.340Z] Обработка: 0%
[2025-02-16T15:23:17.175Z] Обработка: 0%
[2025-02-16T15:23:17.727Z] Обработка: 0%
[2025-02-16T15:23:18.232Z] Обработка: 0%
[2025-02-16T15:23:18.952Z] Обработка: 0%
[2025-02-16T15:23:19.633Z] Обработка: 0%
[2025-02-16T15:23:20.155Z] Обработка: 0%
[2025-02-16T15:23:20.887Z] Обработка: 0%
[2025-02-16T15:23:21.598Z] Обработка: 0%
[2025-02-16T15:23:22.813Z] Обработка: 0%
[2025-02-16T15:23:23.832Z] Обработка: 0%
[2025-02-16T15:23:24.733Z] Обработка: 0%
[2025-02-16T15:23:24.949Z] Обработка: 0%
[2025-02-16T15:23:25.739Z] Обработка: 0%
[2025-02-16T15:23:33.189Z] Обработка: 0%
[2025-02-16T15:23:33.345Z] Видео улучшено и сохранено в video_2025-02-16_16-54-26_remastered_2.mp4
